0 info it worked if it ends with ok
1 verbose cli [ '/usr/local/bin/node',
1 verbose cli   '/usr/local/bin/npm',
1 verbose cli   'install',
1 verbose cli   'npm@latest',
1 verbose cli   '-',
1 verbose cli   'g' ]
2 info using npm@3.10.3
3 info using node@v6.5.0
4 silly loadCurrentTree Starting
5 silly install loadCurrentTree
6 silly install readLocalPackageData
7 silly fetchPackageMetaData npm@latest
8 silly fetchPackageMetaData -
9 silly fetchPackageMetaData g
10 silly fetchNamedPackageData npm
11 silly mapToRegistry name npm
12 silly mapToRegistry using default registry
13 silly mapToRegistry registry https://registry.npmjs.org/
14 silly mapToRegistry data Result {
14 silly mapToRegistry   raw: 'npm',
14 silly mapToRegistry   scope: null,
14 silly mapToRegistry   escapedName: 'npm',
14 silly mapToRegistry   name: 'npm',
14 silly mapToRegistry   rawSpec: '',
14 silly mapToRegistry   spec: 'latest',
14 silly mapToRegistry   type: 'tag' }
15 silly mapToRegistry uri https://registry.npmjs.org/npm
16 silly fetchOtherPackageData -
17 silly cache add args [ '-', null ]
18 verbose cache add spec -
19 silly fetchNamedPackageData g
20 silly mapToRegistry name g
21 silly mapToRegistry using default registry
22 silly mapToRegistry registry https://registry.npmjs.org/
23 silly mapToRegistry data Result {
23 silly mapToRegistry   raw: 'g',
23 silly mapToRegistry   scope: null,
23 silly mapToRegistry   escapedName: 'g',
23 silly mapToRegistry   name: 'g',
23 silly mapToRegistry   rawSpec: '',
23 silly mapToRegistry   spec: 'latest',
23 silly mapToRegistry   type: 'tag' }
24 silly mapToRegistry uri https://registry.npmjs.org/g
25 silly cache add parsed spec Result {
25 silly cache add   raw: '-',
25 silly cache add   scope: null,
25 silly cache add   escapedName: null,
25 silly cache add   name: null,
25 silly cache add   rawSpec: '-',
25 silly cache add   spec: '/Users/thanatoszsl/webpack-static-site-example/-',
25 silly cache add   type: 'local' }
26 error addLocal Could not install /Users/thanatoszsl/webpack-static-site-example/-
27 silly fetchPackageMetaData Error: ENOENT: no such file or directory, open '/Users/thanatoszsl/webpack-static-site-example/-'
27 silly fetchPackageMetaData     at Error (native)
27 silly fetchPackageMetaData  error for - { Error: ENOENT: no such file or directory, open '/Users/thanatoszsl/webpack-static-site-example/-'
27 silly fetchPackageMetaData     at Error (native)
27 silly fetchPackageMetaData   errno: -2,
27 silly fetchPackageMetaData   code: 'ENOENT',
27 silly fetchPackageMetaData   syscall: 'open',
27 silly fetchPackageMetaData   path: '/Users/thanatoszsl/webpack-static-site-example/-' }
28 verbose request uri https://registry.npmjs.org/g
29 verbose request no auth needed
30 info attempt registry request try #1 at 9:15:41 PM
31 verbose request id 67c9b085eb21a693
32 verbose etag W/"57369939-205b"
33 verbose lastModified Sat, 14 May 2016 03:19:21 GMT
34 http request GET https://registry.npmjs.org/g
35 verbose request uri https://registry.npmjs.org/npm
36 verbose request no auth needed
37 info attempt registry request try #1 at 9:15:42 PM
38 verbose etag W/"59e10cc2-68b1aa"
39 verbose lastModified Fri, 13 Oct 2017 18:58:10 GMT
40 http request GET https://registry.npmjs.org/npm
41 http 304 https://registry.npmjs.org/g
42 verbose headers { date: 'Wed, 18 Oct 2017 01:15:42 GMT',
42 verbose headers   via: '1.1 varnish',
42 verbose headers   'cache-control': 'max-age=300',
42 verbose headers   etag: 'W/"57369939-205b"',
42 verbose headers   age: '19',
42 verbose headers   connection: 'keep-alive',
42 verbose headers   'x-served-by': 'cache-ord1726-ORD',
42 verbose headers   'x-cache': 'HIT',
42 verbose headers   'x-cache-hits': '1',
42 verbose headers   'x-timer': 'S1508289342.221025,VS0,VE1',
42 verbose headers   vary: 'Accept-Encoding, Accept' }
43 silly get cb [ 304,
43 silly get   { date: 'Wed, 18 Oct 2017 01:15:42 GMT',
43 silly get     via: '1.1 varnish',
43 silly get     'cache-control': 'max-age=300',
43 silly get     etag: 'W/"57369939-205b"',
43 silly get     age: '19',
43 silly get     connection: 'keep-alive',
43 silly get     'x-served-by': 'cache-ord1726-ORD',
43 silly get     'x-cache': 'HIT',
43 silly get     'x-cache-hits': '1',
43 silly get     'x-timer': 'S1508289342.221025,VS0,VE1',
43 silly get     vary: 'Accept-Encoding, Accept' } ]
44 verbose etag https://registry.npmjs.org/g from cache
45 verbose get saving g to /Users/thanatoszsl/.npm/registry.npmjs.org/g/.cache.json
46 verbose correctMkdir /Users/thanatoszsl/.npm correctMkdir not in flight; initializing
47 http 304 https://registry.npmjs.org/npm
48 verbose headers { date: 'Wed, 18 Oct 2017 01:15:42 GMT',
48 verbose headers   via: '1.1 varnish',
48 verbose headers   'cache-control': 'max-age=300',
48 verbose headers   etag: 'W/"59e10cc2-68b1aa"',
48 verbose headers   age: '201',
48 verbose headers   connection: 'keep-alive',
48 verbose headers   'x-served-by': 'cache-ord1729-ORD',
48 verbose headers   'x-cache': 'HIT',
48 verbose headers   'x-cache-hits': '1',
48 verbose headers   'x-timer': 'S1508289342.221231,VS0,VE1',
48 verbose headers   vary: 'Accept-Encoding, Accept' }
49 silly get cb [ 304,
49 silly get   { date: 'Wed, 18 Oct 2017 01:15:42 GMT',
49 silly get     via: '1.1 varnish',
49 silly get     'cache-control': 'max-age=300',
49 silly get     etag: 'W/"59e10cc2-68b1aa"',
49 silly get     age: '201',
49 silly get     connection: 'keep-alive',
49 silly get     'x-served-by': 'cache-ord1729-ORD',
49 silly get     'x-cache': 'HIT',
49 silly get     'x-cache-hits': '1',
49 silly get     'x-timer': 'S1508289342.221231,VS0,VE1',
49 silly get     vary: 'Accept-Encoding, Accept' } ]
50 verbose etag https://registry.npmjs.org/npm from cache
51 verbose get saving npm to /Users/thanatoszsl/.npm/registry.npmjs.org/npm/.cache.json
52 verbose correctMkdir /Users/thanatoszsl/.npm correctMkdir already in flight; waiting
53 silly rollbackFailedOptional Starting
54 silly rollbackFailedOptional Finishing
55 silly runTopLevelLifecycles Starting
56 silly runTopLevelLifecycles Finishing
57 silly install printInstalled
58 verbose stack Error: ENOENT: no such file or directory, open '/Users/thanatoszsl/webpack-static-site-example/-'
58 verbose stack     at Error (native)
59 verbose cwd /Users/thanatoszsl/webpack-static-site-example
60 error Darwin 16.5.0
61 error argv "/usr/local/bin/node" "/usr/local/bin/npm" "install" "npm@latest" "-" "g"
62 error node v6.5.0
63 error npm  v3.10.3
64 error path /Users/thanatoszsl/webpack-static-site-example/-
65 error code ENOENT
66 error errno -2
67 error syscall open
68 error enoent ENOENT: no such file or directory, open '/Users/thanatoszsl/webpack-static-site-example/-'
69 error enoent ENOENT: no such file or directory, open '/Users/thanatoszsl/webpack-static-site-example/-'
69 error enoent This is most likely not a problem with npm itself
69 error enoent and is related to npm not being able to find a file.
70 verbose exit [ -2, true ]
